<?xml version="1.0" encoding="UTF-8"?>
<!-- Generated by org.testng.reporters.JUnitReportReporter -->
<testsuite hostname="DESKTOP-BM22CQR" failures="0" tests="3" name="test.store.sprig.ShoppingCartTest" time="59.940" errors="0" timestamp="2023-10-24T19:49:18 IST" skipped="0">
  <testcase classname="test.store.sprig.ShoppingCartTest" name="proceedToCheckout" time="20.337"/>
  <testcase classname="test.store.sprig.ShoppingCartTest" name="quantityIncreaseCheck" time="16.124"/>
  <testcase classname="test.store.sprig.ShoppingCartTest" name="continueShoppingButtonCheck" time="23.479"/>
</testsuite> <!-- test.store.sprig.ShoppingCartTest -->
