<?xml version="1.0" encoding="UTF-8"?>
<!-- Generated by org.testng.reporters.JUnitReportReporter -->
<testsuite hostname="DESKTOP-BM22CQR" failures="0" tests="3" name="test.store.sprig.ShoppingCartTest" time="58.318" errors="0" timestamp="2023-10-24T23:29:52 IST" skipped="0">
  <testcase classname="test.store.sprig.ShoppingCartTest" name="proceedToCheckout" time="21.045"/>
  <testcase classname="test.store.sprig.ShoppingCartTest" name="quantityIncreaseCheck" time="15.804"/>
  <testcase classname="test.store.sprig.ShoppingCartTest" name="continueShoppingButtonCheck" time="21.469"/>
</testsuite> <!-- test.store.sprig.ShoppingCartTest -->
