<?xml version="1.0" encoding="UTF-8"?>
<!-- Generated by org.testng.reporters.JUnitReportReporter -->
<testsuite hostname="DESKTOP-BM22CQR" failures="0" tests="1" name="test.store.sprig.CheckoutTest" time="39.819" errors="0" timestamp="2023-10-24T23:53:03 IST" skipped="0">
  <testcase classname="test.store.sprig.CheckoutTest" name="checkoutTest" time="39.819"/>
</testsuite> <!-- test.store.sprig.CheckoutTest -->
